<?xml version="1.0" encoding="UTF-8"?>
<testng-results ignored="0" total="1" passed="1" failed="0" skipped="0">
  <reporter-output>
  </reporter-output>
  <suite started-at="2023-11-01T14:15:56 IST" name="Default suite" finished-at="2023-11-01T14:16:03 IST" duration-ms="6907">
    <groups>
    </groups>
    <test started-at="2023-11-01T14:15:56 IST" name="Default test" finished-at="2023-11-01T14:16:03 IST" duration-ms="6907">
      <class name="com.cermati.assignment.test.scenario2">
        <test-method is-config="true" signature="setup()[pri:0, instance:com.cermati.assignment.test.scenario2@6a400542]" started-at="2023-11-01T14:15:56 IST" name="setup" finished-at="2023-11-01T14:16:01 IST" duration-ms="4235" status="PASS">
          <reporter-output>
          </reporter-output>
        </test-method> <!-- setup -->
        <test-method signature="accessProductViaSearch()[pri:0, instance:com.cermati.assignment.test.scenario2@6a400542]" started-at="2023-11-01T14:16:01 IST" name="accessProductViaSearch" finished-at="2023-11-01T14:16:03 IST" duration-ms="2504" status="PASS">
          <reporter-output>
          </reporter-output>
        </test-method> <!-- accessProductViaSearch -->
        <test-method is-config="true" signature="teardown()[pri:0, instance:com.cermati.assignment.test.scenario2@6a400542]" started-at="2023-11-01T14:16:03 IST" name="teardown" finished-at="2023-11-01T14:16:03 IST" duration-ms="145" status="PASS">
          <reporter-output>
          </reporter-output>
        </test-method> <!-- teardown -->
      </class> <!-- com.cermati.assignment.test.scenario2 -->
    </test> <!-- Default test -->
  </suite> <!-- Default suite -->
</testng-results>
